
Buildfile: /Users/KyleD/Documents/workspace/j--/build.xml

compile:
        [echo] Compiling j-- source files...

compileSPIM:
        [echo] Compiling j-- source files...

jar:
        [echo] Bundling class files into jar files...

runCompilerTests:
        [echo] Compiling and running j-- (JVM) programs...
       [junit] Running junit.JMinusMinusTest
       [junit] Testsuite: junit.JMinusMinusTest
       [junit] Running j-- (with handwritten frontend) on /Users/KyleD/Documents/workspace/j--/tests/pass/Animalia.java ...
       [junit] Running j-- (with handwritten frontend) on /Users/KyleD/Documents/workspace/j--/tests/pass/Arrays.java ...
       [junit] Running j-- (with handwritten frontend) on /Users/KyleD/Documents/workspace/j--/tests/pass/Classes.java ...
       [junit] Running j-- (with handwritten frontend) on /Users/KyleD/Documents/workspace/j--/tests/pass/Factorial.java ...
       [junit] Running j-- (with handwritten frontend) on /Users/KyleD/Documents/workspace/j--/tests/pass/GCD.java ...
       [junit] Running j-- (with handwritten frontend) on /Users/KyleD/Documents/workspace/j--/tests/pass/HelloWorld.java ...
       [junit] Running j-- (with handwritten frontend) on /Users/KyleD/Documents/workspace/j--/tests/pass/Inits.java ...
       [junit] Running j-- (with handwritten frontend) on /Users/KyleD/Documents/workspace/j--/tests/pass/IntFactorial.java ...
       [junit] Running j-- (with handwritten frontend) on /Users/KyleD/Documents/workspace/j--/tests/pass/Kast.java ...
       [junit] Running j-- (with handwritten frontend) on /Users/KyleD/Documents/workspace/j--/tests/pass/Series.java ...
       [junit] Running j-- (with handwritten frontend) on /Users/KyleD/Documents/workspace/j--/tests/pass/Strings.java ...
       [junit] Running j-- (with handwritten frontend) on /Users/KyleD/Documents/workspace/j--/tests/fail/LexicalErrors.java ...
       [junit] /Users/KyleD/Documents/workspace/j--/tests/fail/LexicalErrors.java:11: Unidentified input token: '#'
       [junit] /Users/KyleD/Documents/workspace/j--/tests/fail/LexicalErrors.java:11: . found where ; sought
       [junit] /Users/KyleD/Documents/workspace/j--/tests/fail/LexicalErrors.java:11: Type sought where . found
       [junit] /Users/KyleD/Documents/workspace/j--/tests/fail/LexicalErrors.java:12: ( found where ; sought
       [junit] /Users/KyleD/Documents/workspace/j--/tests/fail/LexicalErrors.java:12: Type sought where ( found
       [junit] /Users/KyleD/Documents/workspace/j--/tests/fail/LexicalErrors.java:12: [ found where ; sought
       [junit] /Users/KyleD/Documents/workspace/j--/tests/fail/LexicalErrors.java:12: Type sought where [ found
       [junit] /Users/KyleD/Documents/workspace/j--/tests/fail/LexicalErrors.java:12: ) found where ; sought
       [junit] /Users/KyleD/Documents/workspace/j--/tests/fail/LexicalErrors.java:12: Type sought where ) found
       [junit] /Users/KyleD/Documents/workspace/j--/tests/fail/LexicalErrors.java:13: . found where ; sought
       [junit] /Users/KyleD/Documents/workspace/j--/tests/fail/LexicalErrors.java:13: Type sought where . found
       [junit] /Users/KyleD/Documents/workspace/j--/tests/fail/LexicalErrors.java:13: . found where ; sought
       [junit] /Users/KyleD/Documents/workspace/j--/tests/fail/LexicalErrors.java:13: Type sought where . found
       [junit] /Users/KyleD/Documents/workspace/j--/tests/fail/LexicalErrors.java:13: ( found where ; sought
       [junit] /Users/KyleD/Documents/workspace/j--/tests/fail/LexicalErrors.java:13: Type sought where ( found
       [junit] Running j-- (with handwritten frontend) on /Users/KyleD/Documents/workspace/j--/tests/fail/SyntaxErrors.java ...
       [junit] /Users/KyleD/Documents/workspace/j--/tests/fail/SyntaxErrors.java:14: Literal sought where int found
       [junit] /Users/KyleD/Documents/workspace/j--/tests/fail/SyntaxErrors.java:14: { found where ; sought
       [junit] /Users/KyleD/Documents/workspace/j--/tests/fail/SyntaxErrors.java:15: Literal sought where = found
       [junit] Running j-- (with handwritten frontend) on /Users/KyleD/Documents/workspace/j--/tests/fail/TypeErrors.java ...
       [junit] /Users/KyleD/Documents/workspace/j--/tests/fail/TypeErrors.java:14: Type int doesn't match type boolean
       [junit] Tests run: 2, Failures: 0, Errors: 0, Skipped: 0, Time elapsed: 0.13 sec
       [junit] Tests run: 2, Failures: 0, Errors: 0, Skipped: 0, Time elapsed: 0.13 sec
       [junit] ------------- Standard Output ---------------
       [junit] Running j-- (with handwritten frontend) on /Users/KyleD/Documents/workspace/j--/tests/pass/Animalia.java ...
       [junit] Running j-- (with handwritten frontend) on /Users/KyleD/Documents/workspace/j--/tests/pass/Arrays.java ...
       [junit] Running j-- (with handwritten frontend) on /Users/KyleD/Documents/workspace/j--/tests/pass/Classes.java ...
       [junit] Running j-- (with handwritten frontend) on /Users/KyleD/Documents/workspace/j--/tests/pass/Factorial.java ...
       [junit] Running j-- (with handwritten frontend) on /Users/KyleD/Documents/workspace/j--/tests/pass/GCD.java ...
       [junit] Running j-- (with handwritten frontend) on /Users/KyleD/Documents/workspace/j--/tests/pass/HelloWorld.java ...
       [junit] Running j-- (with handwritten frontend) on /Users/KyleD/Documents/workspace/j--/tests/pass/Inits.java ...
       [junit] Running j-- (with handwritten frontend) on /Users/KyleD/Documents/workspace/j--/tests/pass/IntFactorial.java ...
       [junit] Running j-- (with handwritten frontend) on /Users/KyleD/Documents/workspace/j--/tests/pass/Kast.java ...
       [junit] Running j-- (with handwritten frontend) on /Users/KyleD/Documents/workspace/j--/tests/pass/Series.java ...
       [junit] Running j-- (with handwritten frontend) on /Users/KyleD/Documents/workspace/j--/tests/pass/Strings.java ...
       [junit] Running j-- (with handwritten frontend) on /Users/KyleD/Documents/workspace/j--/tests/fail/LexicalErrors.java ...
       [junit] Running j-- (with handwritten frontend) on /Users/KyleD/Documents/workspace/j--/tests/fail/SyntaxErrors.java ...
       [junit] Running j-- (with handwritten frontend) on /Users/KyleD/Documents/workspace/j--/tests/fail/TypeErrors.java ...
       [junit] ------------- ---------------- ---------------
       [junit] ------------- Standard Error -----------------
       [junit] /Users/KyleD/Documents/workspace/j--/tests/fail/LexicalErrors.java:11: Unidentified input token: '#'
       [junit] /Users/KyleD/Documents/workspace/j--/tests/fail/LexicalErrors.java:11: . found where ; sought
       [junit] /Users/KyleD/Documents/workspace/j--/tests/fail/LexicalErrors.java:11: Type sought where . found
       [junit] /Users/KyleD/Documents/workspace/j--/tests/fail/LexicalErrors.java:12: ( found where ; sought
       [junit] /Users/KyleD/Documents/workspace/j--/tests/fail/LexicalErrors.java:12: Type sought where ( found
       [junit] /Users/KyleD/Documents/workspace/j--/tests/fail/LexicalErrors.java:12: [ found where ; sought
       [junit] /Users/KyleD/Documents/workspace/j--/tests/fail/LexicalErrors.java:12: Type sought where [ found
       [junit] /Users/KyleD/Documents/workspace/j--/tests/fail/LexicalErrors.java:12: ) found where ; sought
       [junit] /Users/KyleD/Documents/workspace/j--/tests/fail/LexicalErrors.java:12: Type sought where ) found
       [junit] /Users/KyleD/Documents/workspace/j--/tests/fail/LexicalErrors.java:13: . found where ; sought
       [junit] /Users/KyleD/Documents/workspace/j--/tests/fail/LexicalErrors.java:13: Type sought where . found
       [junit] /Users/KyleD/Documents/workspace/j--/tests/fail/LexicalErrors.java:13: . found where ; sought
       [junit] /Users/KyleD/Documents/workspace/j--/tests/fail/LexicalErrors.java:13: Type sought where . found
       [junit] /Users/KyleD/Documents/workspace/j--/tests/fail/LexicalErrors.java:13: ( found where ; sought
       [junit] /Users/KyleD/Documents/workspace/j--/tests/fail/LexicalErrors.java:13: Type sought where ( found
       [junit] /Users/KyleD/Documents/workspace/j--/tests/fail/SyntaxErrors.java:14: Literal sought where int found
       [junit] /Users/KyleD/Documents/workspace/j--/tests/fail/SyntaxErrors.java:14: { found where ; sought
       [junit] /Users/KyleD/Documents/workspace/j--/tests/fail/SyntaxErrors.java:15: Literal sought where = found
       [junit] /Users/KyleD/Documents/workspace/j--/tests/fail/TypeErrors.java:14: Type int doesn't match type boolean
       [junit] ------------- ---------------- ---------------
       [junit] Testcase: testPass took 0.117 sec
       [junit] Testcase: testFail took 0.012 sec
       [junit] Running junit.JMinusMinusTestRunner
       [junit] Testsuite: junit.JMinusMinusTestRunner
       [junit] Tests run: 5, Failures: 0, Errors: 0, Skipped: 0, Time elapsed: 0.002 sec
       [junit] Tests run: 5, Failures: 0, Errors: 0, Skipped: 0, Time elapsed: 0.002 sec
       [junit] Testcase: testMessage took 0.001 sec
       [junit] Testcase: testFactorial took 0 sec
       [junit] Testcase: testCompute took 0 sec
       [junit] Testcase: testComputeSum took 0.001 sec
       [junit] Testcase: testMessage took 0 sec
BUILD SUCCESSFUL
Total time: 439 milliseconds
